#---------------------------------------------------------
# HMC-SIM VERSION : 3.0
# DATE: 14/04/2019 16:53
#---------------------------------------------------------
# HMC_NUM_DEVICES       = 1
# HMC_NUM_LINKS         = 4
# HMC_NUM_QUADS         = 4
# HMC_NUM_VAULTS        = 32
# HMC_NUM_BANKS         = 16
# HMC_NUM_DRAMS         = 20
# HMC_CAPACITY_GB       = 4
# HMC_VAULT_QUEUE_DEPTH = 64
# HMC_XBAR_QUEUE_DEPTH  = 128
#---------------------------------------------------------
# LINK_PHY           = 0.000000
# LINK_LOCAL_ROUTE   = 0.000000
# LINK_REMOTE_ROUTE  = 0.000000
# XBAR_RQST_SLOT     = 0.000000
# XBAR_RSP_SLOT      = 0.000000
# XBAR_ROUTE_EXTERN  = 0.000000
# VAULT_RQST_SLOT    = 0.000000
# VAULT_RSP_SLOT     = 0.000000
# VAULT_CTRL         = 0.000000
# ROW_ACCESS         = 0.000000
#---------------------------------------------------------
HMCSIM_TRACE : 79178 : T_LINK_PHY_POWER : 3167120
HMCSIM_TRACE : 79178 : T_LINK_LOCAL_ROUTE_POWER : 217748600
HMCSIM_TRACE : 79178 : T_LINK_REMOTE_ROUTE_POWER : 499015200
HMCSIM_TRACE : 79178 : T_XBAR_RQST_SLOT_POWER : 36277904
HMCSIM_TRACE : 79178 : T_XBAR_RSP_SLOT_POWER : 234557950
HMCSIM_TRACE : 79178 : T_XBAR_ROUTE_EXTERN_POWER : 0
HMCSIM_TRACE : 79178 : T_VAULT_RQST_SLOT_POWER : 2866712607
HMCSIM_TRACE : 79178 : T_VAULT_RSP_SLOT_POWER : 197028678
HMCSIM_TRACE : 79178 : T_VAULT_CTRL_POWER : 3164305
HMCSIM_TRACE : 79178 : T_ROW_ACCESS_POWER : 151103984
HMCSIM_TRACE : 79178 : PACKET_LATENCY : 36553248
