#---------------------------------------------------------
# HMC-SIM VERSION : 3.0
# DATE: 12/04/2019 03:37
#---------------------------------------------------------
# HMC_NUM_DEVICES       = 1
# HMC_NUM_LINKS         = 4
# HMC_NUM_QUADS         = 4
# HMC_NUM_VAULTS        = 32
# HMC_NUM_BANKS         = 16
# HMC_NUM_DRAMS         = 20
# HMC_CAPACITY_GB       = 4
# HMC_VAULT_QUEUE_DEPTH = 64
# HMC_XBAR_QUEUE_DEPTH  = 128
#---------------------------------------------------------
# LINK_PHY           = 0.000000
# LINK_LOCAL_ROUTE   = 0.000000
# LINK_REMOTE_ROUTE  = 0.000000
# XBAR_RQST_SLOT     = 0.000000
# XBAR_RSP_SLOT      = 0.000000
# XBAR_ROUTE_EXTERN  = 0.000000
# VAULT_RQST_SLOT    = 0.000000
# VAULT_RSP_SLOT     = 0.000000
# VAULT_CTRL         = 0.000000
# ROW_ACCESS         = 0.000000
#---------------------------------------------------------
HMCSIM_TRACE : 396039 : T_LINK_PHY_POWER : 15841560
HMCSIM_TRACE : 396039 : T_LINK_LOCAL_ROUTE_POWER : 916726660
HMCSIM_TRACE : 396039 : T_LINK_REMOTE_ROUTE_POWER : 2926749030
HMCSIM_TRACE : 396039 : T_XBAR_RQST_SLOT_POWER : 187062482
HMCSIM_TRACE : 396039 : T_XBAR_RSP_SLOT_POWER : 1246584825
HMCSIM_TRACE : 396039 : T_XBAR_ROUTE_EXTERN_POWER : 0
HMCSIM_TRACE : 396039 : T_VAULT_RQST_SLOT_POWER : 13527088992
HMCSIM_TRACE : 396039 : T_VAULT_RSP_SLOT_POWER : 1047131253
HMCSIM_TRACE : 396039 : T_VAULT_CTRL_POWER : 15840585
HMCSIM_TRACE : 396039 : T_ROW_ACCESS_POWER : 536870912
HMCSIM_TRACE : 396039 : PACKET_LATENCY : 181331361
