#---------------------------------------------------------
# HMC-SIM VERSION : 3.0
# DATE: 15/04/2019 07:27
#---------------------------------------------------------
# HMC_NUM_DEVICES       = 1
# HMC_NUM_LINKS         = 4
# HMC_NUM_QUADS         = 4
# HMC_NUM_VAULTS        = 32
# HMC_NUM_BANKS         = 16
# HMC_NUM_DRAMS         = 20
# HMC_CAPACITY_GB       = 4
# HMC_VAULT_QUEUE_DEPTH = 64
# HMC_XBAR_QUEUE_DEPTH  = 128
#---------------------------------------------------------
# LINK_PHY           = 0.000000
# LINK_LOCAL_ROUTE   = 0.000000
# LINK_REMOTE_ROUTE  = 0.000000
# XBAR_RQST_SLOT     = 0.000000
# XBAR_RSP_SLOT      = 0.000000
# XBAR_ROUTE_EXTERN  = 0.000000
# VAULT_RQST_SLOT    = 0.000000
# VAULT_RSP_SLOT     = 0.000000
# VAULT_CTRL         = 0.000000
# ROW_ACCESS         = 0.000000
#---------------------------------------------------------
HMCSIM_TRACE : 26242567 : T_LINK_PHY_POWER : 1073741824
HMCSIM_TRACE : 26242567 : T_LINK_LOCAL_ROUTE_POWER : 34192717760
HMCSIM_TRACE : 26242567 : T_LINK_REMOTE_ROUTE_POWER : 146303461560
HMCSIM_TRACE : 26242567 : T_XBAR_RQST_SLOT_POWER : 10158399002
HMCSIM_TRACE : 26242567 : T_XBAR_RSP_SLOT_POWER : 37680460975
HMCSIM_TRACE : 26242567 : T_XBAR_ROUTE_EXTERN_POWER : 0
HMCSIM_TRACE : 26242567 : T_VAULT_RQST_SLOT_POWER : 540242869617
HMCSIM_TRACE : 26242567 : T_VAULT_RSP_SLOT_POWER : 31651587219
HMCSIM_TRACE : 26242567 : T_VAULT_CTRL_POWER : 524850695
HMCSIM_TRACE : 26242567 : T_ROW_ACCESS_POWER : 536870912
HMCSIM_TRACE : 26242567 : PACKET_LATENCY : 11301479901
