#---------------------------------------------------------
# HMC-SIM VERSION : 3.0
# DATE: 14/04/2019 19:35
#---------------------------------------------------------
# HMC_NUM_DEVICES       = 1
# HMC_NUM_LINKS         = 4
# HMC_NUM_QUADS         = 4
# HMC_NUM_VAULTS        = 32
# HMC_NUM_BANKS         = 16
# HMC_NUM_DRAMS         = 20
# HMC_CAPACITY_GB       = 4
# HMC_VAULT_QUEUE_DEPTH = 64
# HMC_XBAR_QUEUE_DEPTH  = 128
#---------------------------------------------------------
# LINK_PHY           = 0.000000
# LINK_LOCAL_ROUTE   = 0.000000
# LINK_REMOTE_ROUTE  = 0.000000
# XBAR_RQST_SLOT     = 0.000000
# XBAR_RSP_SLOT      = 0.000000
# XBAR_ROUTE_EXTERN  = 0.000000
# VAULT_RQST_SLOT    = 0.000000
# VAULT_RSP_SLOT     = 0.000000
# VAULT_CTRL         = 0.000000
# ROW_ACCESS         = 0.000000
#---------------------------------------------------------
HMCSIM_TRACE : 16172588 : T_LINK_PHY_POWER : 551861824
HMCSIM_TRACE : 16172588 : T_LINK_LOCAL_ROUTE_POWER : 39181707420
HMCSIM_TRACE : 16172588 : T_LINK_REMOTE_ROUTE_POWER : 175470760470
HMCSIM_TRACE : 16172588 : T_XBAR_RQST_SLOT_POWER : 15469920814
HMCSIM_TRACE : 16172588 : T_XBAR_RSP_SLOT_POWER : 1828757825
HMCSIM_TRACE : 16172588 : T_XBAR_ROUTE_EXTERN_POWER : 0
HMCSIM_TRACE : 16172588 : T_VAULT_RQST_SLOT_POWER : 29885667876
HMCSIM_TRACE : 16172588 : T_VAULT_RSP_SLOT_POWER : 1536156573
HMCSIM_TRACE : 16172588 : T_VAULT_CTRL_POWER : 98064425
HMCSIM_TRACE : 16172588 : T_ROW_ACCESS_POWER : 536870912
HMCSIM_TRACE : 16172588 : PACKET_LATENCY : 8529018325
