#---------------------------------------------------------
# HMC-SIM VERSION : 3.0
# DATE: 11/04/2019 22:25
#---------------------------------------------------------
# HMC_NUM_DEVICES       = 1
# HMC_NUM_LINKS         = 4
# HMC_NUM_QUADS         = 4
# HMC_NUM_VAULTS        = 32
# HMC_NUM_BANKS         = 16
# HMC_NUM_DRAMS         = 20
# HMC_CAPACITY_GB       = 4
# HMC_VAULT_QUEUE_DEPTH = 64
# HMC_XBAR_QUEUE_DEPTH  = 128
#---------------------------------------------------------
# LINK_PHY           = 0.000000
# LINK_LOCAL_ROUTE   = 0.000000
# LINK_REMOTE_ROUTE  = 0.000000
# XBAR_RQST_SLOT     = 0.000000
# XBAR_RSP_SLOT      = 0.000000
# XBAR_ROUTE_EXTERN  = 0.000000
# VAULT_RQST_SLOT    = 0.000000
# VAULT_RSP_SLOT     = 0.000000
# VAULT_CTRL         = 0.000000
# ROW_ACCESS         = 0.000000
#---------------------------------------------------------
HMCSIM_TRACE : 440869 : T_LINK_PHY_POWER : 17634760
HMCSIM_TRACE : 440869 : T_LINK_LOCAL_ROUTE_POWER : 616197580
HMCSIM_TRACE : 440869 : T_LINK_REMOTE_ROUTE_POWER : 2379123660
HMCSIM_TRACE : 440869 : T_XBAR_RQST_SLOT_POWER : 169029104
HMCSIM_TRACE : 440869 : T_XBAR_RSP_SLOT_POWER : 639986225
HMCSIM_TRACE : 440869 : T_XBAR_ROUTE_EXTERN_POWER : 0
HMCSIM_TRACE : 440869 : T_VAULT_RQST_SLOT_POWER : 9434947554
HMCSIM_TRACE : 440869 : T_VAULT_RSP_SLOT_POWER : 537588429
HMCSIM_TRACE : 440869 : T_VAULT_CTRL_POWER : 8816655
HMCSIM_TRACE : 440869 : T_ROW_ACCESS_POWER : 536870912
HMCSIM_TRACE : 440869 : PACKET_LATENCY : 193739268
